{"/Users/ParteekSSandhu/Boilerplate_Templates/React_Boilerplate/math.js": {"path":"/Users/ParteekSSandhu/Boilerplate_Templates/React_Boilerplate/math.js","statementMap":{"0":{"start":{"line":3,"column":12},"end":{"line":6,"column":1}},"1":{"start":{"line":4,"column":12},"end":{"line":4,"column":17}},"2":{"start":{"line":5,"column":2},"end":{"line":5,"column":13}},"3":{"start":{"line":8,"column":0},"end":{"line":8,"column":21}}},"fnMap":{"0":{"name":"(anonymous_0)","decl":{"start":{"line":3,"column":12},"end":{"line":3,"column":13}},"loc":{"start":{"line":3,"column":27},"end":{"line":6,"column":1}},"line":3}},"branchMap":{},"s":{"0":1,"1":2,"2":2,"3":1},"f":{"0":2},"b":{},"_coverageSchema":"43e27e138ebf9cfc5966b082cf9a028302ed4184","hash":"4dbb37cdcbb0835a173ccfd0b7f6ede25cfc5a2e"}
,"/Users/ParteekSSandhu/Boilerplate_Templates/React_Boilerplate/client/src/components/App.jsx": {"path":"/Users/ParteekSSandhu/Boilerplate_Templates/React_Boilerplate/client/src/components/App.jsx","statementMap":{"0":{"start":{"line":5,"column":4},"end":{"line":5,"column":17}},"1":{"start":{"line":6,"column":4},"end":{"line":8,"column":6}},"2":{"start":{"line":12,"column":4},"end":{"line":16,"column":6}}},"fnMap":{"0":{"name":"(anonymous_0)","decl":{"start":{"line":4,"column":2},"end":{"line":4,"column":3}},"loc":{"start":{"line":4,"column":21},"end":{"line":9,"column":3}},"line":4},"1":{"name":"(anonymous_1)","decl":{"start":{"line":11,"column":2},"end":{"line":11,"column":3}},"loc":{"start":{"line":11,"column":11},"end":{"line":17,"column":3}},"line":11}},"branchMap":{},"s":{"0":1,"1":1,"2":1},"f":{"0":1,"1":1},"b":{},"_coverageSchema":"43e27e138ebf9cfc5966b082cf9a028302ed4184","hash":"d74e27e7093e159a080af8a7f0ee975f0f1edbd3"}
}
